
ROM used: 84 (1%)
          84 (1%) including unused fragments

          0 Average locations per line
          5 Average locations per statement

RAM used: 7 (2%) at main() level
          7 (2%) worst case

Stack used: 2 worst case (out of 8 total available)

Lines Stmts  %   Files
----- ----- ---  -----
   63    16 100  lab2.c
  411     0   0  C:\Program Files (x86)\PICC\devices\16F887.h
  212     0   0  C:\Program Files (x86)\PICC\drivers\luutinh.h
----- -----
  686    16 Total

Page ROM  %  RAM   Vol Diff  Functions:
---- --- --- ---   --- ----  ----------
0     21  25   1             @delay_ms1
0     16  19   1   149  2.2  Button1
0     43  51   1   123  2.5  MAIN

Program metrics:
    Functions               2
    Statements              16
    Comments                118
    Volume (V)              338
    Difficilty (D)          4.6
    Effort to implement (E) 1547
    Time to implement (T)   1 minutes
    Est Delivered Bugs (B)  0
    Cyclomatic Complexity   1
    Maintainability (MI)    80

 Segment     Used  Free
-----------  ----  ----
00000-00003     4  0  
00004-007FF    80  1964  
00800-00FFF     0  2048  
01000-017FF     0  2048  
01800-01FFF     0  2048  



